C:\Program Files\Microsoft Visual Studio\2022\Community\MSBuild\Microsoft\VC\v170\Microsoft.CppBuild.targets(531,5): warning MSB8028: The intermediate directory (Debug\) contains files shared from another project (TexturedSquare.vcxproj).  This can lead to incorrect clean and rebuild behavior.
  getBMP.cpp
  Chess Board.cpp
C:\Users\Sousuke\Documents\[College] PENS - EEPIS\Work Station\3. Semester Ketiga\4. Thursday\Workshop Grafika Komputer\Chess Board\ExperimenterSource\Chapter12\TexturedSquare\Chess Board.cpp(37,52): warning C4244: 'argument': conversion from 'int' to 'GLfloat', possible loss of data
C:\Users\Sousuke\Documents\[College] PENS - EEPIS\Work Station\3. Semester Ketiga\4. Thursday\Workshop Grafika Komputer\Chess Board\ExperimenterSource\Chapter12\TexturedSquare\Chess Board.cpp(37,28): warning C4244: 'argument': conversion from 'int' to 'GLfloat', possible loss of data
C:\Users\Sousuke\Documents\[College] PENS - EEPIS\Work Station\3. Semester Ketiga\4. Thursday\Workshop Grafika Komputer\Chess Board\ExperimenterSource\Chapter12\TexturedSquare\Chess Board.cpp(38,27): warning C4305: 'argument': truncation from 'double' to 'GLfloat'
C:\Users\Sousuke\Documents\[College] PENS - EEPIS\Work Station\3. Semester Ketiga\4. Thursday\Workshop Grafika Komputer\Chess Board\ExperimenterSource\Chapter12\TexturedSquare\Chess Board.cpp(60,53): warning C4244: 'argument': conversion from 'int' to 'GLfloat', possible loss of data
C:\Users\Sousuke\Documents\[College] PENS - EEPIS\Work Station\3. Semester Ketiga\4. Thursday\Workshop Grafika Komputer\Chess Board\ExperimenterSource\Chapter12\TexturedSquare\Chess Board.cpp(60,46): warning C4305: 'argument': truncation from 'double' to 'GLfloat'
C:\Users\Sousuke\Documents\[College] PENS - EEPIS\Work Station\3. Semester Ketiga\4. Thursday\Workshop Grafika Komputer\Chess Board\ExperimenterSource\Chapter12\TexturedSquare\Chess Board.cpp(60,28): warning C4244: 'argument': conversion from 'int' to 'GLfloat', possible loss of data
C:\Users\Sousuke\Documents\[College] PENS - EEPIS\Work Station\3. Semester Ketiga\4. Thursday\Workshop Grafika Komputer\Chess Board\ExperimenterSource\Chapter12\TexturedSquare\Chess Board.cpp(61,27): warning C4305: 'argument': truncation from 'double' to 'GLfloat'
C:\Users\Sousuke\Documents\[College] PENS - EEPIS\Work Station\3. Semester Ketiga\4. Thursday\Workshop Grafika Komputer\Chess Board\ExperimenterSource\Chapter12\TexturedSquare\Chess Board.cpp(70,20): warning C4305: '+=': truncation from 'double' to 'float'
C:\Users\Sousuke\Documents\[College] PENS - EEPIS\Work Station\3. Semester Ketiga\4. Thursday\Workshop Grafika Komputer\Chess Board\ExperimenterSource\Chapter12\TexturedSquare\Chess Board.cpp(78,20): warning C4305: '-=': truncation from 'double' to 'float'
C:\Users\Sousuke\Documents\[College] PENS - EEPIS\Work Station\3. Semester Ketiga\4. Thursday\Workshop Grafika Komputer\Chess Board\ExperimenterSource\Chapter12\TexturedSquare\Chess Board.cpp(86,25): warning C4305: 'argument': truncation from 'double' to 'GLfloat'
C:\Users\Sousuke\Documents\[College] PENS - EEPIS\Work Station\3. Semester Ketiga\4. Thursday\Workshop Grafika Komputer\Chess Board\ExperimenterSource\Chapter12\TexturedSquare\Chess Board.cpp(86,20): warning C4305: 'argument': truncation from 'double' to 'GLfloat'
C:\Users\Sousuke\Documents\[College] PENS - EEPIS\Work Station\3. Semester Ketiga\4. Thursday\Workshop Grafika Komputer\Chess Board\ExperimenterSource\Chapter12\TexturedSquare\Chess Board.cpp(86,15): warning C4305: 'argument': truncation from 'double' to 'GLfloat'
C:\Users\Sousuke\Documents\[College] PENS - EEPIS\Work Station\3. Semester Ketiga\4. Thursday\Workshop Grafika Komputer\Chess Board\ExperimenterSource\Chapter12\TexturedSquare\Chess Board.cpp(89,25): warning C4305: 'argument': truncation from 'double' to 'GLfloat'
C:\Users\Sousuke\Documents\[College] PENS - EEPIS\Work Station\3. Semester Ketiga\4. Thursday\Workshop Grafika Komputer\Chess Board\ExperimenterSource\Chapter12\TexturedSquare\Chess Board.cpp(96,25): warning C4305: 'argument': truncation from 'double' to 'GLfloat'
C:\Users\Sousuke\Documents\[College] PENS - EEPIS\Work Station\3. Semester Ketiga\4. Thursday\Workshop Grafika Komputer\Chess Board\ExperimenterSource\Chapter12\TexturedSquare\Chess Board.cpp(96,20): warning C4305: 'argument': truncation from 'double' to 'GLfloat'
C:\Users\Sousuke\Documents\[College] PENS - EEPIS\Work Station\3. Semester Ketiga\4. Thursday\Workshop Grafika Komputer\Chess Board\ExperimenterSource\Chapter12\TexturedSquare\Chess Board.cpp(96,15): warning C4305: 'argument': truncation from 'double' to 'GLfloat'
C:\Users\Sousuke\Documents\[College] PENS - EEPIS\Work Station\3. Semester Ketiga\4. Thursday\Workshop Grafika Komputer\Chess Board\ExperimenterSource\Chapter12\TexturedSquare\Chess Board.cpp(99,25): warning C4305: 'argument': truncation from 'double' to 'GLfloat'
C:\Users\Sousuke\Documents\[College] PENS - EEPIS\Work Station\3. Semester Ketiga\4. Thursday\Workshop Grafika Komputer\Chess Board\ExperimenterSource\Chapter12\TexturedSquare\Chess Board.cpp(149,25): warning C4305: 'argument': truncation from 'double' to 'GLfloat'
C:\Users\Sousuke\Documents\[College] PENS - EEPIS\Work Station\3. Semester Ketiga\4. Thursday\Workshop Grafika Komputer\Chess Board\ExperimenterSource\Chapter12\TexturedSquare\Chess Board.cpp(270,22): warning C4305: '=': truncation from 'double' to 'float'
  Generating Code...
  TexturedSquare.vcxproj -> C:\Users\Sousuke\Documents\[College] PENS - EEPIS\Work Station\3. Semester Ketiga\4. Thursday\Workshop Grafika Komputer\Chess Board\ExperimenterSource\Chapter12\TexturedSquare\Debug\Chess Board.exe
